===================================================================================
SLURM Job ID:            7244622
Submit time:             Mon Mar 16 03:58:32 GMT 2026 (Unix Epoch time: 1773633512)
Start time:              Mon Mar 16 03:59:44 GMT 2026 (Unix Epoch time: 1773633584)
No. nodes:               1
No. tasks:               4
Job name:                PENCEN_4core
Account:                 teaching
QoS:                     teaching
Partition (queue):       teaching
Submit directory:        /users/ngb25166/Downloaded_CH934_Git_repo/CH934/2026
Script name:             /users/ngb25166/Downloaded_CH934_Git_repo/CH934/2026/PENCEN_gaussian_job.sh
Master node:             wee19
Nodes used:              wee19
Task distribution:       cyclic
===================================================================================

===================================================================================
SLURM job 7244622 ended:     Mon Mar 16 04:02:37 GMT 2026 (Unix Epoch time: 1773633757)
This is an estimated end time using the 'date' command from node wee19.hpc.strath.ac.uk
For accurate timings, use 'sacct -j 7244622 -X --format=Submit,Start,End,Elapsed'
======================================================================================
