===================================================================================
SLURM Job ID:            7244860
Submit time:             Mon Mar 16 12:19:12 GMT 2026 (Unix Epoch time: 1773663552)
Start time:              Mon Mar 16 12:19:32 GMT 2026 (Unix Epoch time: 1773663572)
No. nodes:               1
No. tasks:               4
Job name:                TETCEN_4core
Account:                 teaching
QoS:                     teaching
Partition (queue):       teaching
Submit directory:        /users/ngb25166/Downloaded_CH934_Git_repo/CH934/2026
Script name:             /users/ngb25166/Downloaded_CH934_Git_repo/CH934/2026/TETCEN_gaussian_job.sh
Master node:             wee19
Nodes used:              wee19
Task distribution:       cyclic
===================================================================================

===================================================================================
SLURM job 7244860 ended:     Mon Mar 16 12:21:19 GMT 2026 (Unix Epoch time: 1773663679)
This is an estimated end time using the 'date' command from node wee19.hpc.strath.ac.uk
For accurate timings, use 'sacct -j 7244860 -X --format=Submit,Start,End,Elapsed'
======================================================================================
